# JRE version: Java(TM) SE Runtime Environment (18.0.2.1+1) (build 18.0.2.1+1-1)
# Java VM: Java HotSpot(TM) 64-Bit Server VM (18.0.2.1+1-1, mixed mode, emulated-client, sharing, tiered, compressed oops, compressed class ptrs, g1 gc, windows-amd64)
GC Precious Log:
 CardTable entry size: 512
 Card Set container configuration: InlinePtr #cards 4 size 8 Array Of Cards #cards 32 size 80 Howl #buckets 8 coarsen threshold 7372 Howl Bitmap #cards 1024 size 144 coarsen threshold 921 Card regions per heap region 1 cards per card region 8192
 CPUs: 12 total, 12 available
 Memory: 32694M
 Large Page Support: Disabled
 NUMA Support: Disabled
 Compressed Oops: Enabled (Zero based)
 Heap Region Size: 4M
 Heap Min Capacity: 8M
 Heap Initial Capacity: 512M
 Heap Max Capacity: 8176M
 Pre-touch: Disabled
 Parallel Workers: 10
 Concurrent Workers: 3
 Concurrent Refinement Workers: 10
 Periodic GC: Disabled
Heap:
 garbage-first heap   total 81920K, used 29147K [0x0000000601000000, 0x0000000800000000)
  region size 4096K, 3 young (12288K), 1 survivors (4096K)
 Metaspace       used 58415K, committed 59008K, reserved 1114112K
  class space    used 7923K, committed 8192K, reserved 1048576K
GC Heap History (20 events):
Event: 3.376 GC heap before
{Heap before GC invocations=8 (full 0):
 garbage-first heap   total 303104K, used 108573K [0x0000000601000000, 0x0000000800000000)
  region size 4096K, 25 young (102400K), 1 survivors (4096K)
 Metaspace       used 35695K, committed 36096K, reserved 1114112K
  class space    used 4715K, committed 4928K, reserved 1048576K
}
Event: 3.382 GC heap after
{Heap after GC invocations=9 (full 0):
 garbage-first heap   total 303104K, used 19180K [0x0000000601000000, 0x0000000800000000)
  region size 4096K, 2 young (8192K), 2 survivors (8192K)
 Metaspace       used 35695K, committed 36096K, reserved 1114112K
  class space    used 4715K, committed 4928K, reserved 1048576K
}
Event: 3.702 GC heap before
{Heap before GC invocations=10 (full 0):
 garbage-first heap   total 81920K, used 64236K [0x0000000601000000, 0x0000000800000000)
  region size 4096K, 13 young (53248K), 2 survivors (8192K)
 Metaspace       used 39534K, committed 39936K, reserved 1114112K
  class space    used 5244K, committed 5440K, reserved 1048576K
}
Event: 3.707 GC heap after
{Heap after GC invocations=11 (full 0):
 garbage-first heap   total 81920K, used 21331K [0x0000000601000000, 0x0000000800000000)
  region size 4096K, 1 young (4096K), 1 survivors (4096K)
 Metaspace       used 39534K, committed 39936K, reserved 1114112K
  class space    used 5244K, committed 5440K, reserved 1048576K
}
Event: 3.741 GC heap before
{Heap before GC invocations=11 (full 0):
 garbage-first heap   total 81920K, used 25427K [0x0000000601000000, 0x0000000800000000)
  region size 4096K, 2 young (8192K), 1 survivors (4096K)
 Metaspace       used 39941K, committed 40448K, reserved 1114112K
  class space    used 5310K, committed 5568K, reserved 1048576K
}
Event: 3.745 GC heap after
{Heap after GC invocations=12 (full 0):
 garbage-first heap   total 81920K, used 21446K [0x0000000601000000, 0x0000000800000000)
  region size 4096K, 1 young (4096K), 1 survivors (4096K)
 Metaspace       used 39941K, committed 40448K, reserved 1114112K
  class space    used 5310K, committed 5568K, reserved 1048576K
}
Event: 4.025 GC heap before
{Heap before GC invocations=12 (full 0):
 garbage-first heap   total 81920K, used 58310K [0x0000000601000000, 0x0000000800000000)
  region size 4096K, 11 young (45056K), 1 survivors (4096K)
 Metaspace       used 44046K, committed 44480K, reserved 1114112K
  class space    used 5998K, committed 6208K, reserved 1048576K
}
Event: 4.027 GC heap after
{Heap after GC invocations=13 (full 0):
 garbage-first heap   total 81920K, used 22267K [0x0000000601000000, 0x0000000800000000)
  region size 4096K, 1 young (4096K), 1 survivors (4096K)
 Metaspace       used 44046K, committed 44480K, reserved 1114112K
  class space    used 5998K, committed 6208K, reserved 1048576K
}
Event: 4.409 GC heap before
{Heap before GC invocations=13 (full 0):
 garbage-first heap   total 81920K, used 63227K [0x0000000601000000, 0x0000000800000000)
  region size 4096K, 11 young (45056K), 1 survivors (4096K)
 Metaspace       used 48225K, committed 48704K, reserved 1114112K
  class space    used 6554K, committed 6784K, reserved 1048576K
}
Event: 4.412 GC heap after
{Heap after GC invocations=14 (full 0):
 garbage-first heap   total 81920K, used 23383K [0x0000000601000000, 0x0000000800000000)
  region size 4096K, 1 young (4096K), 1 survivors (4096K)
 Metaspace       used 48225K, committed 48704K, reserved 1114112K
  class space    used 6554K, committed 6784K, reserved 1048576K
}
Event: 4.785 GC heap before
{Heap before GC invocations=14 (full 0):
 garbage-first heap   total 81920K, used 64343K [0x0000000601000000, 0x0000000800000000)
  region size 4096K, 11 young (45056K), 1 survivors (4096K)
 Metaspace       used 50931K, committed 51392K, reserved 1114112K
  class space    used 6955K, committed 7168K, reserved 1048576K
}
Event: 4.788 GC heap after
{Heap after GC invocations=15 (full 0):
 garbage-first heap   total 81920K, used 25707K [0x0000000601000000, 0x0000000800000000)
  region size 4096K, 2 young (8192K), 2 survivors (8192K)
 Metaspace       used 50931K, committed 51392K, reserved 1114112K
  class space    used 6955K, committed 7168K, reserved 1048576K
}
Event: 10.244 GC heap before
{Heap before GC invocations=15 (full 0):
 garbage-first heap   total 81920K, used 62571K [0x0000000601000000, 0x0000000800000000)
  region size 4096K, 11 young (45056K), 2 survivors (8192K)
 Metaspace       used 53784K, committed 54336K, reserved 1114112K
  class space    used 7334K, committed 7616K, reserved 1048576K
}
Event: 10.249 GC heap after
{Heap after GC invocations=16 (full 0):
 garbage-first heap   total 81920K, used 27415K [0x0000000601000000, 0x0000000800000000)
  region size 4096K, 2 young (8192K), 2 survivors (8192K)
 Metaspace       used 53784K, committed 54336K, reserved 1114112K
  class space    used 7334K, committed 7616K, reserved 1048576K
}
Event: 10.535 GC heap before
{Heap before GC invocations=16 (full 0):
 garbage-first heap   total 81920K, used 60183K [0x0000000601000000, 0x0000000800000000)
  region size 4096K, 10 young (40960K), 2 survivors (8192K)
 Metaspace       used 56927K, committed 57472K, reserved 1114112K
  class space    used 7727K, committed 8000K, reserved 1048576K
}
Event: 10.539 GC heap after
{Heap after GC invocations=17 (full 0):
 garbage-first heap   total 81920K, used 29703K [0x0000000601000000, 0x0000000800000000)
  region size 4096K, 2 young (8192K), 2 survivors (8192K)
 Metaspace       used 56927K, committed 57472K, reserved 1114112K
  class space    used 7727K, committed 8000K, reserved 1048576K
}
Event: 196.111 GC heap before
{Heap before GC invocations=17 (full 0):
 garbage-first heap   total 81920K, used 50183K [0x0000000601000000, 0x0000000800000000)
  region size 4096K, 8 young (32768K), 2 survivors (8192K)
 Metaspace       used 58320K, committed 58816K, reserved 1114112K
  class space    used 7910K, committed 8128K, reserved 1048576K
}
Event: 196.162 GC heap after
{Heap after GC invocations=18 (full 1):
 garbage-first heap   total 81920K, used 25985K [0x0000000601000000, 0x0000000800000000)
  region size 4096K, 0 young (0K), 0 survivors (0K)
 Metaspace       used 58317K, committed 58816K, reserved 1114112K
  class space    used 7910K, committed 8128K, reserved 1048576K
}
Event: 196.647 GC heap before
{Heap before GC invocations=18 (full 1):
 garbage-first heap   total 81920K, used 58753K [0x0000000601000000, 0x0000000800000000)
  region size 4096K, 9 young (36864K), 0 survivors (0K)
 Metaspace       used 58371K, committed 58944K, reserved 1114112K
  class space    used 7919K, committed 8192K, reserved 1048576K
}
Event: 196.649 GC heap after
{Heap after GC invocations=19 (full 1):
 garbage-first heap   total 81920K, used 29147K [0x0000000601000000, 0x0000000800000000)
  region size 4096K, 1 young (4096K), 1 survivors (4096K)
 Metaspace       used 58371K, committed 58944K, reserved 1114112K
  class space    used 7919K, committed 8192K, reserved 1048576K
}

